This is pdfTeXk, Version 3.141592-1.40.3 (Web2C 7.5.6) (format=pdflatex 2016.7.27)  3 DEC 2018 16:28
entering extended mode
 %&-line parsing enabled.
**refman.tex
(./refman.tex
LaTeX2e <2005/12/01>
Babel <v3.8h> and hyphenation patterns for english, usenglishmax, dumylang, noh
yphenation, arabic, basque, bulgarian, coptic, welsh, czech, slovak, german, ng
erman, danish, esperanto, spanish, catalan, galician, estonian, farsi, finnish,
 french, greek, monogreek, ancientgreek, croatian, hungarian, interlingua, ibyc
us, indonesian, icelandic, italian, latin, mongolian, dutch, norsk, polish, por
tuguese, pinyin, romanian, russian, slovenian, uppersorbian, serbian, swedish, 
turkish, ukenglish, ukrainian, loaded.
(/usr/share/texmf/tex/latex/base/book.cls
Document Class: book 2005/09/16 v1.4f Standard LaTeX document class
(/usr/share/texmf/tex/latex/base/bk10.clo
File: bk10.clo 2005/09/16 v1.4f Standard LaTeX file (size option)
)
\c@part=\count79
\c@chapter=\count80
\c@section=\count81
\c@subsection=\count82
\c@subsubsection=\count83
\c@paragraph=\count84
\c@subparagraph=\count85
\c@figure=\count86
\c@table=\count87
\abovecaptionskip=\skip41
\belowcaptionskip=\skip42
\bibindent=\dimen102
)
(/usr/share/texmf/tex/latex/ltxmisc/a4wide.sty
Package: a4wide 1994/08/30

(/usr/share/texmf/tex/latex/ntgclass/a4.sty
Package: a4 2004/04/15 v1.2g A4 based page layout
))
(/usr/share/texmf/tex/latex/base/makeidx.sty
Package: makeidx 2000/03/29 v1.0m Standard LaTeX package
)
(/usr/share/texmf/tex/latex/graphics/graphicx.sty
Package: graphicx 1999/02/16 v1.0f Enhanced LaTeX Graphics (DPC,SPQR)

(/usr/share/texmf/tex/latex/graphics/keyval.sty
Package: keyval 1999/03/16 v1.13 key=value parser (DPC)
\KV@toks@=\toks14
)
(/usr/share/texmf/tex/latex/graphics/graphics.sty
Package: graphics 2006/02/20 v1.0o Standard LaTeX Graphics (DPC,SPQR)

(/usr/share/texmf/tex/latex/graphics/trig.sty
Package: trig 1999/03/16 v1.09 sin cos tan (DPC)
)
(/usr/share/texmf/tex/latex/config/graphics.cfg
File: graphics.cfg 2007/01/18 v1.5 graphics configuration of teTeX/TeXLive
)
Package graphics Info: Driver file: pdftex.def on input line 90.

(/usr/share/texmf/tex/latex/pdftex-def/pdftex.def
File: pdftex.def 2007/01/08 v0.04d Graphics/color for pdfTeX
\Gread@gobject=\count88
))
\Gin@req@height=\dimen103
\Gin@req@width=\dimen104
)
(/usr/share/texmf/tex/latex/tools/multicol.sty
Package: multicol 2006/05/18 v1.6g multicolumn formatting (FMi)
\c@tracingmulticols=\count89
\mult@box=\box26
\multicol@leftmargin=\dimen105
\c@unbalance=\count90
\c@collectmore=\count91
\doublecol@number=\count92
\multicoltolerance=\count93
\multicolpretolerance=\count94
\full@width=\dimen106
\page@free=\dimen107
\premulticols=\dimen108
\postmulticols=\dimen109
\multicolsep=\skip43
\multicolbaselineskip=\skip44
\partial@page=\box27
\last@line=\box28
\mult@rightbox=\box29
\mult@grightbox=\box30
\mult@gfirstbox=\box31
\mult@firstbox=\box32
\@tempa=\box33
\@tempa=\box34
\@tempa=\box35
\@tempa=\box36
\@tempa=\box37
\@tempa=\box38
\@tempa=\box39
\@tempa=\box40
\@tempa=\box41
\@tempa=\box42
\@tempa=\box43
\@tempa=\box44
\@tempa=\box45
\@tempa=\box46
\@tempa=\box47
\@tempa=\box48
\@tempa=\box49
\c@columnbadness=\count95
\c@finalcolumnbadness=\count96
\last@try=\dimen110
\multicolovershoot=\dimen111
\multicolundershoot=\dimen112
\mult@nat@firstbox=\box50
\colbreak@box=\box51
)
(/usr/share/texmf/tex/latex/float/float.sty
Package: float 2001/11/08 v1.3d Float enhancements (AL)
\c@float@type=\count97
\float@exts=\toks15
\float@box=\box52
\@float@everytoks=\toks16
\@floatcapt=\box53
)
(/usr/share/texmf/tex/latex/listings/listings.sty
\lst@mode=\count98
\lst@gtempboxa=\box54
\lst@token=\toks17
\lst@length=\count99
\lst@currlwidth=\dimen113
\lst@column=\count100
\lst@pos=\count101
\lst@lostspace=\dimen114
\lst@width=\dimen115
\lst@newlines=\count102
\lst@lineno=\count103
\c@lstlisting=\count104
\lst@maxwidth=\dimen116

(/usr/share/texmf/tex/latex/listings/lstpatch.sty
File: lstpatch.sty 2004/10/17 1.3b (Carsten Heinz)
)
(/usr/share/texmf/tex/latex/listings/lstmisc.sty
File: lstmisc.sty 2004/09/07 1.3 (Carsten Heinz)
\c@lstnumber=\count105
\lst@skipnumbers=\count106
\lst@framebox=\box55
)
(/usr/share/texmf/tex/latex/listings/listings.cfg
File: listings.cfg 2004/09/05 1.3 listings configuration
))
Package: listings 2004/10/17 1.3b (Carsten Heinz)

(/usr/share/texmf/tex/latex/graphics/color.sty
Package: color 2005/11/14 v1.0j Standard LaTeX Color (DPC)

(/usr/share/texmf/tex/latex/config/color.cfg
File: color.cfg 2007/01/18 v1.5 color configuration of teTeX/TeXLive
)
Package color Info: Driver file: pdftex.def on input line 130.
)
(/usr/share/texmf/tex/latex/base/textcomp.sty
Package: textcomp 2005/09/27 v1.99g Standard LaTeX package
Package textcomp Info: Sub-encoding information:
(textcomp)               5 = only ISO-Adobe without \textcurrency
(textcomp)               4 = 5 + \texteuro
(textcomp)               3 = 4 + \textohm
(textcomp)               2 = 3 + \textestimated + \textcurrency
(textcomp)               1 = TS1 - \textcircled - \t
(textcomp)               0 = TS1 (full)
(textcomp)             Font families with sub-encoding setting implement
(textcomp)             only a restricted character set as indicated.
(textcomp)             Family '?' is the default used for unknown fonts.
(textcomp)             See the documentation for details.
Package textcomp Info: Setting ? sub-encoding to TS1/1 on input line 71.

(/usr/share/texmf/tex/latex/base/ts1enc.def
File: ts1enc.def 2001/06/05 v3.0e (jk/car/fm) Standard LaTeX file
)
LaTeX Info: Redefining \oldstylenums on input line 266.
Package textcomp Info: Setting cmr sub-encoding to TS1/0 on input line 281.
Package textcomp Info: Setting cmss sub-encoding to TS1/0 on input line 282.
Package textcomp Info: Setting cmtt sub-encoding to TS1/0 on input line 283.
Package textcomp Info: Setting cmvtt sub-encoding to TS1/0 on input line 284.
Package textcomp Info: Setting cmbr sub-encoding to TS1/0 on input line 285.
Package textcomp Info: Setting cmtl sub-encoding to TS1/0 on input line 286.
Package textcomp Info: Setting ccr sub-encoding to TS1/0 on input line 287.
Package textcomp Info: Setting ptm sub-encoding to TS1/4 on input line 288.
Package textcomp Info: Setting pcr sub-encoding to TS1/4 on input line 289.
Package textcomp Info: Setting phv sub-encoding to TS1/4 on input line 290.
Package textcomp Info: Setting ppl sub-encoding to TS1/3 on input line 291.
Package textcomp Info: Setting pag sub-encoding to TS1/4 on input line 292.
Package textcomp Info: Setting pbk sub-encoding to TS1/4 on input line 293.
Package textcomp Info: Setting pnc sub-encoding to TS1/4 on input line 294.
Package textcomp Info: Setting pzc sub-encoding to TS1/4 on input line 295.
Package textcomp Info: Setting bch sub-encoding to TS1/4 on input line 296.
Package textcomp Info: Setting put sub-encoding to TS1/5 on input line 297.
Package textcomp Info: Setting uag sub-encoding to TS1/5 on input line 298.
Package textcomp Info: Setting ugq sub-encoding to TS1/5 on input line 299.
Package textcomp Info: Setting ul8 sub-encoding to TS1/4 on input line 300.
Package textcomp Info: Setting ul9 sub-encoding to TS1/4 on input line 301.
Package textcomp Info: Setting augie sub-encoding to TS1/5 on input line 302.
Package textcomp Info: Setting dayrom sub-encoding to TS1/3 on input line 303.
Package textcomp Info: Setting dayroms sub-encoding to TS1/3 on input line 304.

Package textcomp Info: Setting pxr sub-encoding to TS1/0 on input line 305.
Package textcomp Info: Setting pxss sub-encoding to TS1/0 on input line 306.
Package textcomp Info: Setting pxtt sub-encoding to TS1/0 on input line 307.
Package textcomp Info: Setting txr sub-encoding to TS1/0 on input line 308.
Package textcomp Info: Setting txss sub-encoding to TS1/0 on input line 309.
Package textcomp Info: Setting txtt sub-encoding to TS1/0 on input line 310.
Package textcomp Info: Setting futs sub-encoding to TS1/4 on input line 311.
Package textcomp Info: Setting futx sub-encoding to TS1/4 on input line 312.
Package textcomp Info: Setting futj sub-encoding to TS1/4 on input line 313.
Package textcomp Info: Setting hlh sub-encoding to TS1/3 on input line 314.
Package textcomp Info: Setting hls sub-encoding to TS1/3 on input line 315.
Package textcomp Info: Setting hlst sub-encoding to TS1/3 on input line 316.
Package textcomp Info: Setting hlct sub-encoding to TS1/5 on input line 317.
Package textcomp Info: Setting hlx sub-encoding to TS1/5 on input line 318.
Package textcomp Info: Setting hlce sub-encoding to TS1/5 on input line 319.
Package textcomp Info: Setting hlcn sub-encoding to TS1/5 on input line 320.
Package textcomp Info: Setting hlcw sub-encoding to TS1/5 on input line 321.
Package textcomp Info: Setting hlcf sub-encoding to TS1/5 on input line 322.
Package textcomp Info: Setting pplx sub-encoding to TS1/3 on input line 323.
Package textcomp Info: Setting pplj sub-encoding to TS1/3 on input line 324.
Package textcomp Info: Setting ptmx sub-encoding to TS1/4 on input line 325.
Package textcomp Info: Setting ptmj sub-encoding to TS1/4 on input line 326.
)
(/usr/share/texmf/tex/latex/base/alltt.sty
Package: alltt 1997/06/16 v2.0g defines alltt environment
)
(/usr/share/texmf/tex/latex/psnfss/times.sty
Package: times 2005/04/12 PSNFSS-v9.2a (SPQR) 
)
(/usr/share/texmf/tex/generic/oberdiek/ifpdf.sty
Package: ifpdf 2006/02/20 v1.4 Provides the ifpdf switch (HO)
Package ifpdf Info: pdfTeX in pdf mode detected.
)
(/usr/share/texmf/tex/latex/hyperref/hyperref.sty
Package: hyperref 2007/02/07 v6.75r Hypertext links for LaTeX
\@linkdim=\dimen117
\Hy@linkcounter=\count107
\Hy@pagecounter=\count108

(/usr/share/texmf/tex/latex/hyperref/pd1enc.def
File: pd1enc.def 2007/02/07 v6.75r Hyperref: PDFDocEncoding definition (HO)
)
(/usr/share/texmf/tex/latex/config/hyperref.cfg
File: hyperref.cfg 2002/06/06 v1.2 hyperref configuration of TeXLive
)
(/usr/share/texmf/tex/latex/oberdiek/kvoptions.sty
Package: kvoptions 2006/08/22 v2.4 Connects package keyval with LaTeX options (
HO)
)
Package hyperref Info: Option `colorlinks' set `true' on input line 2238.
Package hyperref Info: Option `unicode' set `true' on input line 2238.

(/usr/share/texmf/tex/latex/hyperref/puenc.def
File: puenc.def 2007/02/07 v6.75r Hyperref: PDF Unicode definition (HO)
)
Package hyperref Info: Hyper figures OFF on input line 2288.
Package hyperref Info: Link nesting OFF on input line 2293.
Package hyperref Info: Hyper index ON on input line 2296.
Package hyperref Info: Plain pages OFF on input line 2303.
Package hyperref Info: Backreferencing ON on input line 2306.

Implicit mode ON; LaTeX internals redefined
Package hyperref Info: Bookmarks ON on input line 2444.
(/usr/share/texmf/tex/latex/hyperref/backref.sty
Package: backref 2006/10/06 v1.27 Bibliographical back referencing
)
(/usr/share/texmf/tex/latex/ltxmisc/url.sty
\Urlmuskip=\muskip10
Package: url 2005/06/27  ver 3.2  Verb mode for urls, etc.
)
LaTeX Info: Redefining \url on input line 2599.
\Fld@menulength=\count109
\Field@Width=\dimen118
\Fld@charsize=\dimen119
\Choice@toks=\toks18
\Field@toks=\toks19
Package hyperref Info: Hyper figures OFF on input line 3102.
Package hyperref Info: Link nesting OFF on input line 3107.
Package hyperref Info: Hyper index ON on input line 3110.
Package hyperref Info: backreferencing ON on input line 3115.
Package hyperref Info: Link coloring ON on input line 3120.
\Hy@abspage=\count110
\c@Item=\count111
\c@Hfootnote=\count112
)
*hyperref using driver hpdftex*
(/usr/share/texmf/tex/latex/hyperref/hpdftex.def
File: hpdftex.def 2007/02/07 v6.75r Hyperref driver for pdfTeX
\Fld@listcount=\count113
)
(/usr/share/texmf/tex/latex/base/inputenc.sty
Package: inputenc 2006/05/05 v1.1b Input encoding file
\inpenc@prehook=\toks20
\inpenc@posthook=\toks21

(/usr/share/texmf/tex/latex/base/utf8.def
File: utf8.def 2006/03/30 v1.1i UTF-8 support for inputenc
Now handling font encoding OML ...
... no UTF-8 mapping file for font encoding OML
Now handling font encoding T1 ...
... processing UTF-8 mapping file for font encodingT1

(/usr/share/texmf/tex/latex/base/t1enc.dfu
File: t1enc.dfu 2006/03/30 v1.1i UTF-8 support for inputenc
   defining Unicode char U+00A1 (decimal 161)
   defining Unicode char U+00A3 (decimal 163)
   defining Unicode char U+00AB (decimal 171)
   defining Unicode char U+00BB (decimal 187)
   defining Unicode char U+00BF (decimal 191)
   defining Unicode char U+00C0 (decimal 192)
   defining Unicode char U+00C1 (decimal 193)
   defining Unicode char U+00C2 (decimal 194)
   defining Unicode char U+00C3 (decimal 195)
   defining Unicode char U+00C4 (decimal 196)
   defining Unicode char U+00C5 (decimal 197)
   defining Unicode char U+00C6 (decimal 198)
   defining Unicode char U+00C7 (decimal 199)
   defining Unicode char U+00C8 (decimal 200)
   defining Unicode char U+00C9 (decimal 201)
   defining Unicode char U+00CA (decimal 202)
   defining Unicode char U+00CB (decimal 203)
   defining Unicode char U+00CC (decimal 204)
   defining Unicode char U+00CD (decimal 205)
   defining Unicode char U+00CE (decimal 206)
   defining Unicode char U+00CF (decimal 207)
   defining Unicode char U+00D0 (decimal 208)
   defining Unicode char U+00D1 (decimal 209)
   defining Unicode char U+00D2 (decimal 210)
   defining Unicode char U+00D3 (decimal 211)
   defining Unicode char U+00D4 (decimal 212)
   defining Unicode char U+00D5 (decimal 213)
   defining Unicode char U+00D6 (decimal 214)
   defining Unicode char U+00D8 (decimal 216)
   defining Unicode char U+00D9 (decimal 217)
   defining Unicode char U+00DA (decimal 218)
   defining Unicode char U+00DB (decimal 219)
   defining Unicode char U+00DC (decimal 220)
   defining Unicode char U+00DD (decimal 221)
   defining Unicode char U+00DE (decimal 222)
   defining Unicode char U+00DF (decimal 223)
   defining Unicode char U+00E0 (decimal 224)
   defining Unicode char U+00E1 (decimal 225)
   defining Unicode char U+00E2 (decimal 226)
   defining Unicode char U+00E3 (decimal 227)
   defining Unicode char U+00E4 (decimal 228)
   defining Unicode char U+00E5 (decimal 229)
   defining Unicode char U+00E6 (decimal 230)
   defining Unicode char U+00E7 (decimal 231)
   defining Unicode char U+00E8 (decimal 232)
   defining Unicode char U+00E9 (decimal 233)
   defining Unicode char U+00EA (decimal 234)
   defining Unicode char U+00EB (decimal 235)
   defining Unicode char U+00EC (decimal 236)
   defining Unicode char U+00ED (decimal 237)
   defining Unicode char U+00EE (decimal 238)
   defining Unicode char U+00EF (decimal 239)
   defining Unicode char U+00F0 (decimal 240)
   defining Unicode char U+00F1 (decimal 241)
   defining Unicode char U+00F2 (decimal 242)
   defining Unicode char U+00F3 (decimal 243)
   defining Unicode char U+00F4 (decimal 244)
   defining Unicode char U+00F5 (decimal 245)
   defining Unicode char U+00F6 (decimal 246)
   defining Unicode char U+00F8 (decimal 248)
   defining Unicode char U+00F9 (decimal 249)
   defining Unicode char U+00FA (decimal 250)
   defining Unicode char U+00FB (decimal 251)
   defining Unicode char U+00FC (decimal 252)
   defining Unicode char U+00FD (decimal 253)
   defining Unicode char U+00FE (decimal 254)
   defining Unicode char U+00FF (decimal 255)
   defining Unicode char U+0102 (decimal 258)
   defining Unicode char U+0103 (decimal 259)
   defining Unicode char U+0104 (decimal 260)
   defining Unicode char U+0105 (decimal 261)
   defining Unicode char U+0106 (decimal 262)
   defining Unicode char U+0107 (decimal 263)
   defining Unicode char U+010C (decimal 268)
   defining Unicode char U+010D (decimal 269)
   defining Unicode char U+010E (decimal 270)
   defining Unicode char U+010F (decimal 271)
   defining Unicode char U+0110 (decimal 272)
   defining Unicode char U+0111 (decimal 273)
   defining Unicode char U+0118 (decimal 280)
   defining Unicode char U+0119 (decimal 281)
   defining Unicode char U+011A (decimal 282)
   defining Unicode char U+011B (decimal 283)
   defining Unicode char U+011E (decimal 286)
   defining Unicode char U+011F (decimal 287)
   defining Unicode char U+0130 (decimal 304)
   defining Unicode char U+0131 (decimal 305)
   defining Unicode char U+0132 (decimal 306)
   defining Unicode char U+0133 (decimal 307)
   defining Unicode char U+0139 (decimal 313)
   defining Unicode char U+013A (decimal 314)
   defining Unicode char U+013D (decimal 317)
   defining Unicode char U+013E (decimal 318)
   defining Unicode char U+0141 (decimal 321)
   defining Unicode char U+0142 (decimal 322)
   defining Unicode char U+0143 (decimal 323)
   defining Unicode char U+0144 (decimal 324)
   defining Unicode char U+0147 (decimal 327)
   defining Unicode char U+0148 (decimal 328)
   defining Unicode char U+014A (decimal 330)
   defining Unicode char U+014B (decimal 331)
   defining Unicode char U+0150 (decimal 336)
   defining Unicode char U+0151 (decimal 337)
   defining Unicode char U+0152 (decimal 338)
   defining Unicode char U+0153 (decimal 339)
   defining Unicode char U+0154 (decimal 340)
   defining Unicode char U+0155 (decimal 341)
   defining Unicode char U+0158 (decimal 344)
   defining Unicode char U+0159 (decimal 345)
   defining Unicode char U+015A (decimal 346)
   defining Unicode char U+015B (decimal 347)
   defining Unicode char U+015E (decimal 350)
   defining Unicode char U+015F (decimal 351)
   defining Unicode char U+0160 (decimal 352)
   defining Unicode char U+0161 (decimal 353)
   defining Unicode char U+0162 (decimal 354)
   defining Unicode char U+0163 (decimal 355)
   defining Unicode char U+0164 (decimal 356)
   defining Unicode char U+0165 (decimal 357)
   defining Unicode char U+016E (decimal 366)
   defining Unicode char U+016F (decimal 367)
   defining Unicode char U+0170 (decimal 368)
   defining Unicode char U+0171 (decimal 369)
   defining Unicode char U+0178 (decimal 376)
   defining Unicode char U+0179 (decimal 377)
   defining Unicode char U+017A (decimal 378)
   defining Unicode char U+017B (decimal 379)
   defining Unicode char U+017C (decimal 380)
   defining Unicode char U+017D (decimal 381)
   defining Unicode char U+017E (decimal 382)
   defining Unicode char U+200C (decimal 8204)
   defining Unicode char U+2013 (decimal 8211)
   defining Unicode char U+2014 (decimal 8212)
   defining Unicode char U+2018 (decimal 8216)
   defining Unicode char U+2019 (decimal 8217)
   defining Unicode char U+201A (decimal 8218)
   defining Unicode char U+201C (decimal 8220)
   defining Unicode char U+201D (decimal 8221)
   defining Unicode char U+201E (decimal 8222)
   defining Unicode char U+2030 (decimal 8240)
   defining Unicode char U+2031 (decimal 8241)
   defining Unicode char U+2039 (decimal 8249)
   defining Unicode char U+203A (decimal 8250)
   defining Unicode char U+2423 (decimal 9251)
)
Now handling font encoding OT1 ...
... processing UTF-8 mapping file for font encodingOT1

(/usr/share/texmf/tex/latex/base/ot1enc.dfu
File: ot1enc.dfu 2006/03/30 v1.1i UTF-8 support for inputenc
   defining Unicode char U+00A1 (decimal 161)
   defining Unicode char U+00A3 (decimal 163)
   defining Unicode char U+00B8 (decimal 184)
   defining Unicode char U+00BF (decimal 191)
   defining Unicode char U+00C5 (decimal 197)
   defining Unicode char U+00C6 (decimal 198)
   defining Unicode char U+00D8 (decimal 216)
   defining Unicode char U+00DF (decimal 223)
   defining Unicode char U+00E6 (decimal 230)
   defining Unicode char U+00EC (decimal 236)
   defining Unicode char U+00ED (decimal 237)
   defining Unicode char U+00EE (decimal 238)
   defining Unicode char U+00EF (decimal 239)
   defining Unicode char U+00F8 (decimal 248)
   defining Unicode char U+0131 (decimal 305)
   defining Unicode char U+0141 (decimal 321)
   defining Unicode char U+0142 (decimal 322)
   defining Unicode char U+0152 (decimal 338)
   defining Unicode char U+0153 (decimal 339)
   defining Unicode char U+2013 (decimal 8211)
   defining Unicode char U+2014 (decimal 8212)
   defining Unicode char U+2018 (decimal 8216)
   defining Unicode char U+2019 (decimal 8217)
   defining Unicode char U+201C (decimal 8220)
   defining Unicode char U+201D (decimal 8221)
)
Now handling font encoding OMS ...
... processing UTF-8 mapping file for font encodingOMS

(/usr/share/texmf/tex/latex/base/omsenc.dfu
File: omsenc.dfu 2006/03/30 v1.1i UTF-8 support for inputenc
   defining Unicode char U+00A7 (decimal 167)
   defining Unicode char U+00B6 (decimal 182)
   defining Unicode char U+00B7 (decimal 183)
   defining Unicode char U+2020 (decimal 8224)
   defining Unicode char U+2021 (decimal 8225)
   defining Unicode char U+2022 (decimal 8226)
)
Now handling font encoding OMX ...
... no UTF-8 mapping file for font encoding OMX
Now handling font encoding U ...
... no UTF-8 mapping file for font encoding U
Now handling font encoding TS1 ...
... processing UTF-8 mapping file for font encodingTS1

(/usr/share/texmf/tex/latex/base/ts1enc.dfu
File: ts1enc.dfu 2006/03/30 v1.1i UTF-8 support for inputenc
   defining Unicode char U+00A2 (decimal 162)
   defining Unicode char U+00A3 (decimal 163)
   defining Unicode char U+00A4 (decimal 164)
   defining Unicode char U+00A5 (decimal 165)
   defining Unicode char U+00A6 (decimal 166)
   defining Unicode char U+00A7 (decimal 167)
   defining Unicode char U+00A8 (decimal 168)
   defining Unicode char U+00A9 (decimal 169)
   defining Unicode char U+00AA (decimal 170)
   defining Unicode char U+00AC (decimal 172)
   defining Unicode char U+00AE (decimal 174)
   defining Unicode char U+00AF (decimal 175)
   defining Unicode char U+00B0 (decimal 176)
   defining Unicode char U+00B1 (decimal 177)
   defining Unicode char U+00B2 (decimal 178)
   defining Unicode char U+00B3 (decimal 179)
   defining Unicode char U+00B4 (decimal 180)
   defining Unicode char U+00B5 (decimal 181)
   defining Unicode char U+00B6 (decimal 182)
   defining Unicode char U+00B7 (decimal 183)
   defining Unicode char U+00B9 (decimal 185)
   defining Unicode char U+00BA (decimal 186)
   defining Unicode char U+00BC (decimal 188)
   defining Unicode char U+00BD (decimal 189)
   defining Unicode char U+00BE (decimal 190)
   defining Unicode char U+00D7 (decimal 215)
   defining Unicode char U+00F7 (decimal 247)
   defining Unicode char U+0192 (decimal 402)
   defining Unicode char U+02C7 (decimal 711)
   defining Unicode char U+02D8 (decimal 728)
   defining Unicode char U+02DD (decimal 733)
   defining Unicode char U+0E3F (decimal 3647)
   defining Unicode char U+2016 (decimal 8214)
   defining Unicode char U+2020 (decimal 8224)
   defining Unicode char U+2021 (decimal 8225)
   defining Unicode char U+2022 (decimal 8226)
   defining Unicode char U+2030 (decimal 8240)
   defining Unicode char U+2031 (decimal 8241)
   defining Unicode char U+203B (decimal 8251)
   defining Unicode char U+203D (decimal 8253)
   defining Unicode char U+2044 (decimal 8260)
   defining Unicode char U+204E (decimal 8270)
   defining Unicode char U+2052 (decimal 8274)
   defining Unicode char U+20A1 (decimal 8353)
   defining Unicode char U+20A4 (decimal 8356)
   defining Unicode char U+20A6 (decimal 8358)
   defining Unicode char U+20A9 (decimal 8361)
   defining Unicode char U+20AB (decimal 8363)
   defining Unicode char U+20AC (decimal 8364)
   defining Unicode char U+20B1 (decimal 8369)
   defining Unicode char U+2103 (decimal 8451)
   defining Unicode char U+2116 (decimal 8470)
   defining Unicode char U+2117 (decimal 8471)
   defining Unicode char U+211E (decimal 8478)
   defining Unicode char U+2120 (decimal 8480)
   defining Unicode char U+2122 (decimal 8482)
   defining Unicode char U+2126 (decimal 8486)
   defining Unicode char U+2127 (decimal 8487)
   defining Unicode char U+212E (decimal 8494)
   defining Unicode char U+2190 (decimal 8592)
   defining Unicode char U+2191 (decimal 8593)
   defining Unicode char U+2192 (decimal 8594)
   defining Unicode char U+2193 (decimal 8595)
   defining Unicode char U+2329 (decimal 9001)
   defining Unicode char U+232A (decimal 9002)
   defining Unicode char U+2422 (decimal 9250)
   defining Unicode char U+25E6 (decimal 9702)
   defining Unicode char U+25EF (decimal 9711)
   defining Unicode char U+266A (decimal 9834)
)
Now handling font encoding PD1 ...
... no UTF-8 mapping file for font encoding PD1
Now handling font encoding PU ...
... no UTF-8 mapping file for font encoding PU
   defining Unicode char U+00A9 (decimal 169)
   defining Unicode char U+00AA (decimal 170)
   defining Unicode char U+00AE (decimal 174)
   defining Unicode char U+00BA (decimal 186)
   defining Unicode char U+02C6 (decimal 710)
   defining Unicode char U+02DC (decimal 732)
   defining Unicode char U+200C (decimal 8204)
   defining Unicode char U+2026 (decimal 8230)
   defining Unicode char U+2122 (decimal 8482)
   defining Unicode char U+2423 (decimal 9251)
)) (./doxygen.sty
Package: doxygen 

(/usr/share/texmf/tex/latex/tools/array.sty
Package: array 2005/08/23 v2.4b Tabular extension package (FMi)
\col@sep=\dimen120
\extrarowheight=\dimen121
\NC@list=\toks22
\extratabsurround=\skip45
\backup@length=\skip46
)
(/usr/share/texmf/tex/latex/tools/calc.sty
Package: calc 2005/08/06 v4.2 Infix arithmetic (KKT,FJ)
\calc@Acount=\count114
\calc@Bcount=\count115
\calc@Adimen=\dimen122
\calc@Bdimen=\dimen123
\calc@Askip=\skip47
\calc@Bskip=\skip48
LaTeX Info: Redefining \setlength on input line 75.
LaTeX Info: Redefining \addtolength on input line 76.
\calc@Ccount=\count116
\calc@Cskip=\skip49
)
(/usr/share/texmf/tex/latex/fancyhdr/fancyhdr.sty
\fancy@headwidth=\skip50
\f@ncyO@elh=\skip51
\f@ncyO@erh=\skip52
\f@ncyO@olh=\skip53
\f@ncyO@orh=\skip54
\f@ncyO@elf=\skip55
\f@ncyO@erf=\skip56
\f@ncyO@olf=\skip57
\f@ncyO@orf=\skip58
)
(/usr/share/texmf/tex/latex/tools/verbatim.sty
Package: verbatim 2003/08/22 v1.5q LaTeX2e package for verbatim enhancements
\every@verbatim=\toks23
\verbatim@line=\toks24
\verbatim@in@stream=\read1
)
\tmplength=\skip59

(/usr/share/texmf/tex/latex/base/fontenc.sty
Package: fontenc 2005/09/27 v1.99g Standard LaTeX package

(/usr/share/texmf/tex/latex/base/t1enc.def
File: t1enc.def 2005/09/27 v1.99g Standard LaTeX file
LaTeX Font Info:    Redeclaring font encoding T1 on input line 43.
)))
(/usr/share/texmf/tex/latex/listings/lstlang1.sty
File: lstlang1.sty 2004/09/05 1.3 listings language file
)
(/usr/share/texmf/tex/latex/listings/lstlang1.sty
File: lstlang1.sty 2004/09/05 1.3 listings language file
)
(/usr/share/texmf/tex/latex/listings/lstmisc.sty
File: lstmisc.sty 2004/09/07 1.3 (Carsten Heinz)
)
\@indexfile=\write3
\openout3 = `refman.idx'.


Writing index file refman.idx
(./refman.aux (./structArrays.aux) (./structe2VParas.aux) (./classIterator.aux)
(./structMLBFunParameters.aux) (./structMLBParameters.aux)
(./classMultiLevelBlockIterator.aux) (./classRlmpiInitializer.aux)
(./structSchedule.aux) (./structstruct__extensibleLABELArray.aux)
(./structstruct__extensibleSCALARArray.aux) (./structstruct__MLB__graph.aux)
(./structtopoArrays.aux) (./classTopology.aux) (./structv2EParameters.aux)
(./iterator__struct_8h.aux) (./BlockOrdering_8c.aux) (./BlockOrdering_8h.aux)
(./BlockOrderingSW_8c.aux) (./BOrderUtils_8c.aux) (./BOrderUtilsSW_8c.aux)
(./BlockOrdering_2extensibleLabelArray_8h.aux)
(./extensibleArray_2extensibleLabelArray_8h.aux) (./metis_8h.aux)
(./timer_8h.aux) (./edge2VertexIter__host_8c.aux)
(./edge2VertexIter__host_8h.aux) (./edge2VertexIter__slave_8c.aux)
(./edge2VertexIter__slave_8h.aux) (./funcPointer_8c.aux) (./funcPointer_8h.aux)
(./userFunc__host_8c.aux) (./userFunc__host_8h.aux) (./userFunc__slave_8c.aux)
(./userFunc__slave_8h.aux) (./extensibleLabelArray_8c.aux)
(./extensibleLabelArraySW_8c.aux) (./extensibleScalarArray_8c.aux)
(./extensibleScalarArray_8h.aux) (./extensibleScalarArraySW_8c.aux)
(./multiLevelBlockIterator_8C.aux) (./multiLevelBlockIterator_8H.aux)
(./userFuncUnsymm__host_8c.aux) (./userFuncUnsymm__host_8h.aux)
(./userFuncUnsymm__slave_8c.aux) (./userFuncUnsymm__slave_8h.aux)
(./vertex2EdgeIter__host_8c.aux) (./vertex2EdgeIter__host_8h.aux)
(./vertex2EdgeIter__slave_8c.aux) (./main_8cxx.aux) (./register_8C.aux)
(./register_8H.aux) (./rlmpi_8c.aux) (./rlmpi_8h.aux)
(./RlmpiInitializer_8cxx.aux) (./RlmpiInitializer_8hxx.aux)
(./RlmpiSharedType_8h.aux) (./test_8c.aux) (./test_8cpp.aux)
(./slaveUtils_8c.aux) (./slaveUtils_8h.aux) (./swMacro_8h.aux)
(./topology_8C.aux) (./topology_8H.aux))
\openout1 = `refman.aux'.

LaTeX Font Info:    Checking defaults for OML/cmm/m/it on input line 35.
LaTeX Font Info:    ... okay on input line 35.
LaTeX Font Info:    Checking defaults for T1/cmr/m/n on input line 35.
LaTeX Font Info:    ... okay on input line 35.
LaTeX Font Info:    Checking defaults for OT1/cmr/m/n on input line 35.
LaTeX Font Info:    ... okay on input line 35.
LaTeX Font Info:    Checking defaults for OMS/cmsy/m/n on input line 35.
LaTeX Font Info:    ... okay on input line 35.
LaTeX Font Info:    Checking defaults for OMX/cmex/m/n on input line 35.
LaTeX Font Info:    ... okay on input line 35.
LaTeX Font Info:    Checking defaults for U/cmr/m/n on input line 35.
LaTeX Font Info:    ... okay on input line 35.
LaTeX Font Info:    Checking defaults for TS1/cmr/m/n on input line 35.
LaTeX Font Info:    Try loading font information for TS1+cmr on input line 35.

(/usr/share/texmf/tex/latex/base/ts1cmr.fd
File: ts1cmr.fd 1999/05/25 v2.5h Standard LaTeX font definitions
)
LaTeX Font Info:    ... okay on input line 35.
LaTeX Font Info:    Checking defaults for PD1/pdf/m/n on input line 35.
LaTeX Font Info:    ... okay on input line 35.
LaTeX Font Info:    Checking defaults for PU/pdf/m/n on input line 35.
LaTeX Font Info:    ... okay on input line 35.
LaTeX Font Info:    Try loading font information for T1+ptm on input line 35.

(/usr/share/texmf/tex/latex/psnfss/t1ptm.fd
File: t1ptm.fd 2001/06/04 font definitions for T1/ptm.
)
Package hyperref Info: Link coloring ON on input line 35.

(/usr/share/texmf/tex/latex/hyperref/nameref.sty
Package: nameref 2006/12/27 v2.28 Cross-referencing by name of section

(/usr/share/texmf/tex/latex/oberdiek/refcount.sty
Package: refcount 2006/02/20 v3.0 Data extraction from references (HO)
)
\c@section@level=\count117
)
LaTeX Info: Redefining \ref on input line 35.
LaTeX Info: Redefining \pageref on input line 35.
 (./refman.out)
(./refman.out)
\@outlinefile=\write4
\openout4 = `refman.out'.

Package hyperref Info: Option `pageanchor' set `false' on input line 36.
 [1


{/usr/share/texmf/fonts/map/pdftex/updmap/pdftex.map}]
[2

]
LaTeX Font Info:    Font shape `T1/ptm/bx/n' in size <24.88> not available
(Font)              Font shape `T1/ptm/b/n' tried instead on input line 49.
 (./refman.toc
LaTeX Font Info:    Font shape `T1/ptm/bx/n' in size <10> not available
(Font)              Font shape `T1/ptm/b/n' tried instead on input line 1.
LaTeX Font Info:    External font `cmex10' loaded for size
(Font)              <7> on input line 2.
LaTeX Font Info:    External font `cmex10' loaded for size
(Font)              <5> on input line 2.
 [1

]
Underfull \vbox (badness 1389) has occurred while \output is active []

LaTeX Font Info:    Font shape `T1/ptm/bx/n' in size <7> not available
(Font)              Font shape `T1/ptm/b/n' tried instead on input line 64.
 [2]
Underfull \vbox (badness 1389) has occurred while \output is active []

 [3]
Underfull \vbox (badness 1389) has occurred while \output is active []

 [4]
Underfull \vbox (badness 1389) has occurred while \output is active []

 [5]
Underfull \vbox (badness 1389) has occurred while \output is active []

 [6]
Underfull \vbox (badness 1389) has occurred while \output is active []

 [7]
Underfull \vbox (badness 1389) has occurred while \output is active []

 [8]
[9]
Underfull \vbox (badness 1389) has occurred while \output is active []

 [10]
Underfull \vbox (badness 1389) has occurred while \output is active []

 [11]
Underfull \vbox (badness 1389) has occurred while \output is active []

 [12]
Underfull \vbox (badness 1389) has occurred while \output is active []

 [13]
Underfull \vbox (badness 1389) has occurred while \output is active []

 [14]
Underfull \vbox (badness 1389) has occurred while \output is active []

 [15]
Underfull \vbox (badness 1389) has occurred while \output is active []

 [16]
Underfull \vbox (badness 1389) has occurred while \output is active []

 [17]
Underfull \vbox (badness 1389) has occurred while \output is active []

 [18]
Underfull \vbox (badness 1389) has occurred while \output is active []

 [19]
Underfull \vbox (badness 1389) has occurred while \output is active []

 [20]
Underfull \vbox (badness 1389) has occurred while \output is active []

 [21])
\tf@toc=\write5
\openout5 = `refman.toc'.


[22]
Package hyperref Info: Option `pageanchor' set `true' on input line 52.

Chapter 1.
LaTeX Font Info:    Font shape `T1/ptm/bx/n' in size <20.74> not available
(Font)              Font shape `T1/ptm/b/n' tried instead on input line 53.
(./hierarchy.tex
LaTeX Font Info:    Font shape `T1/ptm/bx/n' in size <14.4> not available
(Font)              Font shape `T1/ptm/b/n' tried instead on input line 1.
) [1


] [2

]
Chapter 2.
(./annotated.tex) [3] [4

]
Chapter 3.
(./files.tex [5]) [6]
Chapter 4.
(./struct____attribute____.tex
LaTeX Font Info:    Try loading font information for T1+pcr on input line 7.
 (/usr/share/texmf/tex/latex/psnfss/t1pcr.fd
File: t1pcr.fd 2001/06/04 font definitions for T1/pcr.
)
LaTeX Font Info:    Font shape `T1/ptm/bx/n' in size <12> not available
(Font)              Font shape `T1/ptm/b/n' tried instead on input line 7.
LaTeX Font Info:    Try loading font information for TS1+ptm on input line 10.

(/usr/share/texmf/tex/latex/psnfss/ts1ptm.fd
File: ts1ptm.fd 2001/06/04 font definitions for TS1/ptm.
)
Underfull \vbox (badness 10000) has occurred while \output is active []

 [7

])
[8]
\openout2 = `structArrays.aux'.

 (./structArrays.tex) [9

]
\openout2 = `structe2VParas.aux'.

 (./structe2VParas.tex) [10


]
\openout2 = `classIterator.aux'.

 (./classIterator.tex
<classIterator.pdf, id=4153, 501.875pt x 269.46672pt>
File: classIterator.pdf Graphic file (type pdf)
 <use classIterator.pdf>
Underfull \hbox (badness 10000) in paragraph at lines 38--40
[]\T1/ptm/m/n/10 virtual void [][]edge2VertexIteration[][] ([][]Ar-rays[][] $\O
MS/cmsy/m/n/10 ^^C$\T1/ptm/m/n/10 edgeData, [][]Ar-rays[][] $\OMS/cmsy/m/n/10 ^
^C$\T1/ptm/m/n/10 vertexData,
 []


Underfull \hbox (badness 10000) in paragraph at lines 40--41
[]\T1/ptm/m/n/10 virtual void [][]ver-tex2EdgeIteration[][] ([][]Ar-rays[][] $\
OMS/cmsy/m/n/10 ^^C$\T1/ptm/m/n/10 neighbourData, [][]Ar-rays[][] $\OMS/cmsy/m/
n/10 ^^C$\T1/ptm/m/n/10 vertexData,
 []

LaTeX Font Info:    Font shape `T1/pcr/bx/n' in size <10> not available
(Font)              Font shape `T1/pcr/b/n' tried instead on input line 62.
LaTeX Font Info:    Font shape `T1/ptm/bx/it' in size <10> not available
(Font)              Font shape `T1/ptm/b/it' tried instead on input line 67.

Package hyperref Warning: Token not allowed in a PDFDocEncoded string,
(hyperref)                removing `math shift' on input line 72.


Package hyperref Warning: Token not allowed in a PDFDocEncoded string,
(hyperref)                removing `\sim' on input line 72.


Package hyperref Warning: Token not allowed in a PDFDocEncoded string,
(hyperref)                removing `math shift' on input line 72.

[11


 <./classIterator.pdf>] [12]) [13]
\openout2 = `structMLBFunParameters.aux'.

 (./structMLBFunParameters.tex) [14


]
\openout2 = `structMLBParameters.aux'.


(./structMLBParameters.tex
Underfull \vbox (badness 10000) has occurred while \output is active []

 [15


])
[16]
\openout2 = `classMultiLevelBlockIterator.aux'.

 (./classMultiLevelBlockIterator.tex
<classMultiLevelBlockIterator.pdf, id=4345, 501.875pt x 269.46672pt>
File: classMultiLevelBlockIterator.pdf Graphic file (type pdf)

<use classMultiLevelBlockIterator.pdf>
Underfull \hbox (badness 10000) in paragraph at lines 26--28
[]\T1/ptm/m/n/10 void [][]ver-tex2EdgeIteration[][] ([][]Ar-rays[][] $\OMS/cmsy
/m/n/10 ^^C$\T1/ptm/m/n/10 neighbourData, [][]Ar-rays[][] $\OMS/cmsy/m/n/10 ^^C
$\T1/ptm/m/n/10 vertexData,
 []

[17


 <./classMultiLevelBlockIterator.pdf>]

Package hyperref Warning: Token not allowed in a PDFDocEncoded string,
(hyperref)                removing `math shift' on input line 109.


Package hyperref Warning: Token not allowed in a PDFDocEncoded string,
(hyperref)                removing `\sim' on input line 109.


Package hyperref Warning: Token not allowed in a PDFDocEncoded string,
(hyperref)                removing `math shift' on input line 109.


Underfull \vbox (badness 10000) has occurred while \output is active []

 [18]
[19]) [20]
\openout2 = `classRlmpiInitializer.aux'.

 (./classRlmpiInitializer.tex [21


] [22]
Underfull \vbox (badness 10000) has occurred while \output is active []

 [23]
[24]
Underfull \vbox (badness 10000) has occurred while \output is active []

 [25]
Overfull \vbox (206.53418pt too high) has occurred while \output is active []


[26]) [27]
\openout2 = `structSchedule.aux'.

 (./structSchedule.tex) [28


]
\openout2 = `structstruct__extensibleLABELArray.aux'.


(./structstruct__extensibleLABELArray.tex) [29


]
\openout2 = `structstruct__extensibleSCALARArray.aux'.


(./structstruct__extensibleSCALARArray.tex) [30


]
\openout2 = `structstruct__MLB__graph.aux'.


(./structstruct__MLB__graph.tex) [31


]
\openout2 = `structtopoArrays.aux'.

 (./structtopoArrays.tex) [32


]
\openout2 = `classTopology.aux'.


(./classTopology.tex [33


]

Package hyperref Warning: Token not allowed in a PDFDocEncoded string,
(hyperref)                removing `math shift' on input line 111.


Package hyperref Warning: Token not allowed in a PDFDocEncoded string,
(hyperref)                removing `\sim' on input line 111.


Package hyperref Warning: Token not allowed in a PDFDocEncoded string,
(hyperref)                removing `math shift' on input line 111.


Underfull \vbox (badness 10000) has occurred while \output is active []

 [34]
Underfull \vbox (badness 10000) has occurred while \output is active []

 [35]
Overfull \vbox (394.05762pt too high) has occurred while \output is active []


[36]) [37]
\openout2 = `structv2EParameters.aux'.

 (./structv2EParameters.tex) [38


]
Chapter 5.
(./iterator_8H.tex) [39


]
\openout2 = `iterator__struct_8h.aux'.

 (./iterator__struct_8h.tex) [40

]
\openout2 = `BlockOrdering_8c.aux'.


(./BlockOrdering_8c.tex
Overfull \hbox (12.40524pt too wide) in paragraph at lines 4--4
[]\T1/ptm/b/n/14.4 iterator/multiLevelBlockIterator/BlockOrdering/BlockOrdering
.c
 []

) [41


]
\openout2 = `BlockOrdering_8h.aux'.

 (./BlockOrdering_8h.tex
Overfull \hbox (14.01804pt too wide) in paragraph at lines 4--4
[]\T1/ptm/b/n/14.4 iterator/multiLevelBlockIterator/BlockOrdering/BlockOrdering
.h
 []


Underfull \hbox (badness 1314) in paragraph at lines 45--47
[]\T1/ptm/m/n/10 void [][]MLB_-metis_-decompose[][] ([][]idx_-t[][] cell-Num, [
][]idx_-t[][] ed-geNum, [][]idx_-t[][] $\OMS/cmsy/m/n/10 ^^C$\T1/ptm/m/n/10 adj
, [][]idx_-t[][] $\OMS/cmsy/m/n/10 ^^C$[][]\T1/ptm/m/n/10 neighbor[][],
 []


Underfull \hbox (badness 5460) in paragraph at lines 49--51
[]\T1/ptm/m/n/10 void [][]MLB_-offsetEdges[][] (LA-BEL $\OMS/cmsy/m/n/10 ^^C$[]
[]\T1/ptm/m/n/10 owner[][], LA-BEL $\OMS/cmsy/m/n/10 ^^C$[][]\T1/ptm/m/n/10 nei
ghbor[][], LA-BEL $\OMS/cmsy/m/n/10 ^^C$\T1/ptm/m/n/10 cellID, LA-BEL
 []

[42


])
Underfull \vbox (badness 10000) has occurred while \output is active []

 [43]
[44]
\openout2 = `BlockOrderingSW_8c.aux'.

 (./BlockOrderingSW_8c.tex
Overfull \hbox (33.70271pt too wide) in paragraph at lines 4--4
[]\T1/ptm/b/n/14.4 iterator/multiLevelBlockIterator/BlockOrdering/BlockOrdering
SW.c
 []

) [45


]
\openout2 = `BOrderUtils_8c.aux'.

 (./BOrderUtils_8c.tex
Underfull \hbox (badness 10000) in paragraph at lines 4--4
[]\T1/ptm/b/n/14.4 iterator/multiLevelBlockIterator/BlockOrdering/BOrderUtils.c

 []


Underfull \hbox (badness 1365) in paragraph at lines 19--21
\T1/ptm/m/n/10 t[][] $\OMS/cmsy/m/n/10 ^^C$\T1/ptm/m/n/10 cellWeight, [][]idx_-
t[][] $\OMS/cmsy/m/n/10 ^^C$\T1/ptm/m/n/10 edgeWeight, [][]idx_-t[][] block-Num
, [][]idx_-t[][] $\OMS/cmsy/m/n/10 ^^C$[][]\T1/ptm/m/n/10 options[][], [][]idx_
-t[][] $\OMS/cmsy/m/n/10 ^^C$\T1/ptm/m/n/10 edgeCut, [][]idx_-
 []


Underfull \hbox (badness 5460) in paragraph at lines 23--25
[]\T1/ptm/m/n/10 void [][]MLB_-offsetEdges[][] (LA-BEL $\OMS/cmsy/m/n/10 ^^C$[]
[]\T1/ptm/m/n/10 owner[][], LA-BEL $\OMS/cmsy/m/n/10 ^^C$[][]\T1/ptm/m/n/10 nei
ghbor[][], LA-BEL $\OMS/cmsy/m/n/10 ^^C$\T1/ptm/m/n/10 cellID, LA-BEL
 []

)
Underfull \vbox (badness 10000) has occurred while \output is active []

 [46


]
[47]
\openout2 = `BOrderUtilsSW_8c.aux'.

 (./BOrderUtilsSW_8c.tex
Overfull \hbox (17.68994pt too wide) in paragraph at lines 4--4
[]\T1/ptm/b/n/14.4 iterator/multiLevelBlockIterator/BlockOrdering/BOrderUtilsSW
.c
 []


Underfull \hbox (badness 1365) in paragraph at lines 19--21
\T1/ptm/m/n/10 t[][] $\OMS/cmsy/m/n/10 ^^C$\T1/ptm/m/n/10 cellWeight, [][]idx_-
t[][] $\OMS/cmsy/m/n/10 ^^C$\T1/ptm/m/n/10 edgeWeight, [][]idx_-t[][] block-Num
, [][]idx_-t[][] $\OMS/cmsy/m/n/10 ^^C$[][]\T1/ptm/m/n/10 options[][], [][]idx_
-t[][] $\OMS/cmsy/m/n/10 ^^C$\T1/ptm/m/n/10 edgeCut, [][]idx_-
 []


Underfull \hbox (badness 5460) in paragraph at lines 23--25
[]\T1/ptm/m/n/10 void [][]MLB_-offsetEdges[][] (LA-BEL $\OMS/cmsy/m/n/10 ^^C$[]
[]\T1/ptm/m/n/10 owner[][], LA-BEL $\OMS/cmsy/m/n/10 ^^C$[][]\T1/ptm/m/n/10 nei
ghbor[][], LA-BEL $\OMS/cmsy/m/n/10 ^^C$\T1/ptm/m/n/10 cellID, LA-BEL
 []

)
Underfull \vbox (badness 10000) has occurred while \output is active []

 [48


]
[49]
\openout2 = `BlockOrdering_2extensibleLabelArray_8h.aux'.

 (./BlockOrdering_2extensibleLabelArray_8h.tex
Overfull \hbox (54.00632pt too wide) in paragraph at lines 4--4
[]\T1/ptm/b/n/14.4 iterator/multiLevelBlockIterator/BlockOrdering/extensibleLab
elArray.h
 []

) [50


]
\openout2 = `extensibleArray_2extensibleLabelArray_8h.aux'.

 (./extensibleArray_2extensibleLabelArray_8h.tex
Overfull \hbox (59.57913pt too wide) in paragraph at lines 4--4
[]\T1/ptm/b/n/14.4 iterator/multiLevelBlockIterator/extensibleArray/extensibleL
abelArray.h
 []

) [51


]
\openout2 = `metis_8h.aux'.

 (./metis_8h.tex
Underfull \hbox (badness 10000) in paragraph at lines 4--4
[]\T1/ptm/b/n/14.4 iterator/multiLevelBlockIterator/BlockOrdering/metis.h File
 []


Underfull \hbox (badness 1565) in paragraph at lines 76--80
[][][]\T1/ptm/m/n/10 METIS_-OPTION_-PTYPE[][], [][]METIS_-OPTION_-OBJTYPE[][], 
[][]METIS_-OPTION_-CTYPE[][], [][]METIS_-
 []


Underfull \hbox (badness 4673) in paragraph at lines 81--85
[][][]\T1/ptm/m/n/10 METIS_-OPTION_-RTYPE[][], [][]METIS_-OPTION_-DBGLVL[][], [
][]METIS_-OPTION_-NITER[][], [][]METIS_-
 []


Underfull \hbox (badness 10000) in paragraph at lines 91--95
[][][]\T1/ptm/m/n/10 METIS_-OPTION_-COMPRESS[][], [][]METIS_-OPTION_-CCORDER[][
], [][]METIS_-OPTION_-PFACTOR[][],
 []


Underfull \hbox (badness 10000) in paragraph at lines 96--100
[][][]\T1/ptm/m/n/10 METIS_-OPTION_-UFACTOR[][], [][]METIS_-OPTION_-NUMBERING[]
[], [][]METIS_-OPTION_-HELP[][],
 []

[52


]
Underfull \hbox (badness 10000) in paragraph at lines 122--126
[][][]\T1/ptm/m/n/10 METIS_-IPTYPE_-GROW[][], [][]METIS_-IPTYPE_-RANDOM[][], []
[]METIS_-IPTYPE_-EDGE[][], [][]METIS_-
 []


Underfull \hbox (badness 10000) in paragraph at lines 130--136
[]\T1/ptm/m/n/10 enum [][]mrtype_-et[][] { [][]METIS_-RTYPE_-FM[][], [][]METIS_
-RTYPE_-GREEDY[][], [][]METIS_-RTYPE_-
 []

[53]
Underfull \vbox (badness 10000) has occurred while \output is active []

 [54]
Underfull \vbox (badness 10000) has occurred while \output is active []

 [55]
Overfull \vbox (27.8916pt too high) has occurred while \output is active []


[56] [57] [58])
Underfull \vbox (badness 1082) has occurred while \output is active []

 [59]
Underfull \vbox (badness 10000) has occurred while \output is active []

 [60]
Overfull \vbox (156.87369pt too high) has occurred while \output is active []


[61]
\openout2 = `timer_8h.aux'.

 (./timer_8h.tex
Underfull \hbox (badness 10000) in paragraph at lines 4--4
[]\T1/ptm/b/n/14.4 iterator/multiLevelBlockIterator/BlockOrdering/timer.h File
 []

) [62


]
\openout2 = `edge2VertexIter__host_8c.aux'.

 (./edge2VertexIter__host_8c.tex
Overfull \hbox (33.22783pt too wide) in paragraph at lines 4--4
[]\T1/ptm/b/n/14.4 iterator/multiLevelBlockIterator/edge2VertexIter/edge2Vertex
Iter_-
 []


Underfull \hbox (badness 10000) in paragraph at lines 19--20
[]\T1/ptm/m/n/10 void [][]edge2VertexIteration_-host[][] ([][]Ar-rays[][] $\OMS
/cmsy/m/n/10 ^^C$\T1/ptm/m/n/10 edgeData, [][]Ar-rays[][] $\OMS/cmsy/m/n/10 ^^C
$\T1/ptm/m/n/10 vertexData,
 []

) [63


]
Underfull \vbox (badness 10000) has occurred while \output is active []

 [64]
Overfull \vbox (31.44022pt too high) has occurred while \output is active []


[65]
\openout2 = `edge2VertexIter__host_8h.aux'.

 (./edge2VertexIter__host_8h.tex
Overfull \hbox (33.22783pt too wide) in paragraph at lines 4--4
[]\T1/ptm/b/n/14.4 iterator/multiLevelBlockIterator/edge2VertexIter/edge2Vertex
Iter_-
 []


Underfull \hbox (badness 10000) in paragraph at lines 17--19
[]\T1/ptm/m/n/10 void [][]edge2VertexIteration_-host[][] ([][]Ar-rays[][] $\OMS
/cmsy/m/n/10 ^^C$\T1/ptm/m/n/10 edgeData, [][]Ar-rays[][] $\OMS/cmsy/m/n/10 ^^C
$\T1/ptm/m/n/10 vertexData,
 []

) [66


]
\openout2 = `edge2VertexIter__slave_8c.aux'.

 (./edge2VertexIter__slave_8c.tex
Overfull \hbox (33.22783pt too wide) in paragraph at lines 4--4
[]\T1/ptm/b/n/14.4 iterator/multiLevelBlockIterator/edge2VertexIter/edge2Vertex
Iter_-
 []

) [67


] [68]
\openout2 = `edge2VertexIter__slave_8h.aux'.

 (./edge2VertexIter__slave_8h.tex
Overfull \hbox (33.22783pt too wide) in paragraph at lines 4--4
[]\T1/ptm/b/n/14.4 iterator/multiLevelBlockIterator/edge2VertexIter/edge2Vertex
Iter_-
 []

) [69


]
\openout2 = `funcPointer_8c.aux'.

 (./funcPointer_8c.tex
Overfull \hbox (3.78006pt too wide) in paragraph at lines 4--4
[]\T1/ptm/b/n/14.4 iterator/multiLevelBlockIterator/edge2VertexIter/funcPointer
.c
 []

) [70


]
\openout2 = `funcPointer_8h.aux'.

 (./funcPointer_8h.tex
Overfull \hbox (5.39285pt too wide) in paragraph at lines 4--4
[]\T1/ptm/b/n/14.4 iterator/multiLevelBlockIterator/edge2VertexIter/funcPointer
.h
 []

) [71


]
\openout2 = `userFunc__host_8c.aux'.

 (./userFunc__host_8c.tex
Underfull \hbox (badness 10000) in paragraph at lines 4--4
[]\T1/ptm/b/n/14.4 iterator/multiLevelBlockIterator/edge2VertexIter/userFunc_-
 []

) [72


]
\openout2 = `userFunc__host_8h.aux'.

 (./userFunc__host_8h.tex
Underfull \hbox (badness 10000) in paragraph at lines 4--4
[]\T1/ptm/b/n/14.4 iterator/multiLevelBlockIterator/edge2VertexIter/userFunc_-
 []

) [73


]
\openout2 = `userFunc__slave_8c.aux'.

 (./userFunc__slave_8c.tex
Underfull \hbox (badness 10000) in paragraph at lines 4--4
[]\T1/ptm/b/n/14.4 iterator/multiLevelBlockIterator/edge2VertexIter/userFunc_-
 []

) [74


]
\openout2 = `userFunc__slave_8h.aux'.

 (./userFunc__slave_8h.tex
Underfull \hbox (badness 10000) in paragraph at lines 4--4
[]\T1/ptm/b/n/14.4 iterator/multiLevelBlockIterator/edge2VertexIter/userFunc_-
 []

) [75


]
\openout2 = `extensibleLabelArray_8c.aux'.

 (./extensibleLabelArray_8c.tex
Overfull \hbox (65.16634pt too wide) in paragraph at lines 4--4
[]\T1/ptm/b/n/14.4 iterator/multiLevelBlockIterator/extensibleArray/extensibleL
abelArray.c
 []

) [76


]
\openout2 = `extensibleLabelArraySW_8c.aux'.

 (./extensibleLabelArraySW_8c.tex
Overfull \hbox (87.25587pt too wide) in paragraph at lines 4--4
[]\T1/ptm/b/n/14.4 iterator/multiLevelBlockIterator/extensibleArray/extensibleL
abelArraySW.c
 []

) [77


]
\openout2 = `extensibleScalarArray_8c.aux'.

 (./extensibleScalarArray_8c.tex
Overfull \hbox (69.15517pt too wide) in paragraph at lines 4--4
[]\T1/ptm/b/n/14.4 iterator/multiLevelBlockIterator/extensibleArray/extensibleS
calarArray.c
 []

) [78


]
\openout2 = `extensibleScalarArray_8h.aux'.

 (./extensibleScalarArray_8h.tex
Overfull \hbox (70.76796pt too wide) in paragraph at lines 4--4
[]\T1/ptm/b/n/14.4 iterator/multiLevelBlockIterator/extensibleArray/extensibleS
calarArray.h
 []

) [79


]
\openout2 = `extensibleScalarArraySW_8c.aux'.

 (./extensibleScalarArraySW_8c.tex
Overfull \hbox (91.2447pt too wide) in paragraph at lines 4--4
[]\T1/ptm/b/n/14.4 iterator/multiLevelBlockIterator/extensibleArray/extensibleS
calarArraySW.c
 []

) [80


]
\openout2 = `multiLevelBlockIterator_8C.aux'.

 (./multiLevelBlockIterator_8C.tex
Underfull \hbox (badness 10000) in paragraph at lines 4--4
[]\T1/ptm/b/n/14.4 iterator/multiLevelBlockIterator/multiLevelBlockIterator.C
 []

) [81


]
\openout2 = `multiLevelBlockIterator_8H.aux'.

 (./multiLevelBlockIterator_8H.tex
Underfull \hbox (badness 10000) in paragraph at lines 4--4
[]\T1/ptm/b/n/14.4 iterator/multiLevelBlockIterator/multiLevelBlockIterator.H
 []

) [82


]
\openout2 = `userFuncUnsymm__host_8c.aux'.

 (./userFuncUnsymm__host_8c.tex
Overfull \hbox (48.823pt too wide) in paragraph at lines 4--4
[]\T1/ptm/b/n/14.4 iterator/multiLevelBlockIterator/vertex2EdgeIter/userFuncUns
ymm_-
 []

) [83


]
\openout2 = `userFuncUnsymm__host_8h.aux'.

 (./userFuncUnsymm__host_8h.tex
Overfull \hbox (48.823pt too wide) in paragraph at lines 4--4
[]\T1/ptm/b/n/14.4 iterator/multiLevelBlockIterator/vertex2EdgeIter/userFuncUns
ymm_-
 []

) [84


]
\openout2 = `userFuncUnsymm__slave_8c.aux'.

 (./userFuncUnsymm__slave_8c.tex
Overfull \hbox (48.823pt too wide) in paragraph at lines 4--4
[]\T1/ptm/b/n/14.4 iterator/multiLevelBlockIterator/vertex2EdgeIter/userFuncUns
ymm_-
 []

) [85


]
\openout2 = `userFuncUnsymm__slave_8h.aux'.

 (./userFuncUnsymm__slave_8h.tex
Overfull \hbox (48.823pt too wide) in paragraph at lines 4--4
[]\T1/ptm/b/n/14.4 iterator/multiLevelBlockIterator/vertex2EdgeIter/userFuncUns
ymm_-
 []

) [86


]
\openout2 = `vertex2EdgeIter__host_8c.aux'.

 (./vertex2EdgeIter__host_8c.tex
Overfull \hbox (35.84874pt too wide) in paragraph at lines 4--4
[]\T1/ptm/b/n/14.4 iterator/multiLevelBlockIterator/vertex2EdgeIter/vertex2Edge
Iter_-
 []

) [87


]
\openout2 = `vertex2EdgeIter__host_8h.aux'.

 (./vertex2EdgeIter__host_8h.tex
Overfull \hbox (35.84874pt too wide) in paragraph at lines 4--4
[]\T1/ptm/b/n/14.4 iterator/multiLevelBlockIterator/vertex2EdgeIter/vertex2Edge
Iter_-
 []

) [88


]
\openout2 = `vertex2EdgeIter__slave_8c.aux'.

 (./vertex2EdgeIter__slave_8c.tex
Overfull \hbox (35.84874pt too wide) in paragraph at lines 4--4
[]\T1/ptm/b/n/14.4 iterator/multiLevelBlockIterator/vertex2EdgeIter/vertex2Edge
Iter_-
 []

) [89


]
\openout2 = `main_8cxx.aux'.

 (./main_8cxx.tex) [90


]
\openout2 = `register_8C.aux'.

 (./register_8C.tex) [91


]
\openout2 = `register_8H.aux'.

 (./register_8H.tex)
[92


]
\openout2 = `rlmpi_8c.aux'.

 (./rlmpi_8c.tex)
Underfull \vbox (badness 10000) has occurred while \output is active []

 [93


]
[94]
\openout2 = `rlmpi_8h.aux'.

 (./rlmpi_8h.tex) [95


]
Underfull \vbox (badness 10000) has occurred while \output is active []

 [96]
Overfull \vbox (304.6354pt too high) has occurred while \output is active []


[97]
\openout2 = `RlmpiInitializer_8cxx.aux'.

 (./RlmpiInitializer_8cxx.tex
LaTeX Font Info:    External font `cmex10' loaded for size
(Font)              <8> on input line 24.
LaTeX Font Info:    External font `cmex10' loaded for size
(Font)              <6> on input line 24.
) [98


]
\openout2 = `RlmpiInitializer_8hxx.aux'.

 (./RlmpiInitializer_8hxx.tex) [99


]
\openout2 = `RlmpiSharedType_8h.aux'.


(./RlmpiSharedType_8h.tex)
Underfull \vbox (badness 1194) has occurred while \output is active []

 [100


]
[101]
\openout2 = `test_8c.aux'.

 (./test_8c.tex) [102


]
\openout2 = `test_8cpp.aux'.

 (./test_8cpp.tex)
Underfull \vbox (badness 10000) has occurred while \output is active []

 [103


]
[104]
\openout2 = `slaveUtils_8c.aux'.

 (./slaveUtils_8c.tex) [105


]
\openout2 = `slaveUtils_8h.aux'.

 (./slaveUtils_8h.tex [106


]) [107]
\openout2 = `swMacro_8h.aux'.


(./swMacro_8h.tex) [108


]
\openout2 = `topology_8C.aux'.

 (./topology_8C.tex) [109


]
\openout2 = `topology_8H.aux'.

 (./topology_8H.tex) [110


]
(./refman.ind [111


] [112] [113] [114] [115] [116]
Overfull \hbox (56.15363pt too wide) in paragraph at lines 675--676
[]\T1/ptm/m/n/10 iterator/multiLevelBlockIterator/BlockOrdering/BlockOrdering.c
,
 []


Overfull \hbox (56.71368pt too wide) in paragraph at lines 676--677
[]\T1/ptm/m/n/10 iterator/multiLevelBlockIterator/BlockOrdering/BlockOrdering.h
,
 []


Overfull \hbox (70.23357pt too wide) in paragraph at lines 677--678
[]\T1/ptm/m/n/10 iterator/multiLevelBlockIterator/BlockOrdering/BlockOrderingSW
.c,
 []


Overfull \hbox (45.60344pt too wide) in paragraph at lines 678--679
[]\T1/ptm/m/n/10 iterator/multiLevelBlockIterator/BlockOrdering/BOrderUtils.c,
 []


Overfull \hbox (59.68338pt too wide) in paragraph at lines 679--680
[]\T1/ptm/m/n/10 iterator/multiLevelBlockIterator/BlockOrdering/BOrderUtilsSW.c
,
 []


Overfull \hbox (82.56339pt too wide) in paragraph at lines 680--681
[]\T1/ptm/m/n/10 iterator/multiLevelBlockIterator/BlockOrdering/extensibleLabel
Array.h,
 []


Overfull \hbox (18.39372pt too wide) in paragraph at lines 681--682
[]\T1/ptm/m/n/10 iterator/multiLevelBlockIterator/BlockOrdering/metis.h,
 []


Overfull \hbox (17.28386pt too wide) in paragraph at lines 682--683
[]\T1/ptm/m/n/10 iterator/multiLevelBlockIterator/BlockOrdering/timer.h,
 []


Overfull \hbox (62.48355pt too wide) in paragraph at lines 683--684
[]\T1/ptm/m/n/10 iterator/multiLevelBlockIterator/edge2VertexIter/edge2VertexIt
er_-
 []


Overfull \hbox (62.48355pt too wide) in paragraph at lines 684--685
[]\T1/ptm/m/n/10 iterator/multiLevelBlockIterator/edge2VertexIter/edge2VertexIt
er_-
 []


Overfull \hbox (62.48355pt too wide) in paragraph at lines 685--686
[]\T1/ptm/m/n/10 iterator/multiLevelBlockIterator/edge2VertexIter/edge2VertexIt
er_-
 []


Overfull \hbox (62.48355pt too wide) in paragraph at lines 686--687
[]\T1/ptm/m/n/10 iterator/multiLevelBlockIterator/edge2VertexIter/edge2VertexIt
er_-
 []


Overfull \hbox (45.9937pt too wide) in paragraph at lines 687--688
[]\T1/ptm/m/n/10 iterator/multiLevelBlockIterator/edge2VertexIter/funcPointer.c
,
 []


Overfull \hbox (46.55376pt too wide) in paragraph at lines 688--689
[]\T1/ptm/m/n/10 iterator/multiLevelBlockIterator/edge2VertexIter/funcPointer.h
,
 []


Overfull \hbox (35.43379pt too wide) in paragraph at lines 689--690
[]\T1/ptm/m/n/10 iterator/multiLevelBlockIterator/edge2VertexIter/userFunc_-
 []


Overfull \hbox (35.43379pt too wide) in paragraph at lines 690--691
[]\T1/ptm/m/n/10 iterator/multiLevelBlockIterator/edge2VertexIter/userFunc_-
 []


Overfull \hbox (35.43379pt too wide) in paragraph at lines 691--692
[]\T1/ptm/m/n/10 iterator/multiLevelBlockIterator/edge2VertexIter/userFunc_-
 []


Overfull \hbox (35.43379pt too wide) in paragraph at lines 692--693
[]\T1/ptm/m/n/10 iterator/multiLevelBlockIterator/edge2VertexIter/userFunc_-
 []


Overfull \hbox (85.73317pt too wide) in paragraph at lines 693--694
[]\T1/ptm/m/n/10 iterator/multiLevelBlockIterator/extensibleArray/extensibleLab
elArray.c,
 []


Overfull \hbox (86.29323pt too wide) in paragraph at lines 694--695
[]\T1/ptm/m/n/10 iterator/multiLevelBlockIterator/extensibleArray/extensibleLab
elArray.h,
 []


Overfull \hbox (100.46301pt too wide) in paragraph at lines 695--696
[]\T1/ptm/m/n/10 iterator/multiLevelBlockIterator/extensibleArray/extensibleLab
elArraySW.c,
 []


Overfull \hbox (87.95302pt too wide) in paragraph at lines 696--697
[]\T1/ptm/m/n/10 iterator/multiLevelBlockIterator/extensibleArray/extensibleSca
larArray.c,
 []


Overfull \hbox (88.51308pt too wide) in paragraph at lines 697--698
[]\T1/ptm/m/n/10 iterator/multiLevelBlockIterator/extensibleArray/extensibleSca
larArray.h,
 []


Overfull \hbox (102.68286pt too wide) in paragraph at lines 698--699
[]\T1/ptm/m/n/10 iterator/multiLevelBlockIterator/extensibleArray/extensibleSca
larArraySW.c,
 []


Overfull \hbox (31.88356pt too wide) in paragraph at lines 699--700
[]\T1/ptm/m/n/10 iterator/multiLevelBlockIterator/multiLevelBlockIterator.C,
 []


Overfull \hbox (32.43361pt too wide) in paragraph at lines 700--701
[]\T1/ptm/m/n/10 iterator/multiLevelBlockIterator/multiLevelBlockIterator.H,
 []


Overfull \hbox (72.51361pt too wide) in paragraph at lines 701--702
[]\T1/ptm/m/n/10 iterator/multiLevelBlockIterator/vertex2EdgeIter/userFuncUnsym
m_-
 []


Overfull \hbox (72.51361pt too wide) in paragraph at lines 702--703
[]\T1/ptm/m/n/10 iterator/multiLevelBlockIterator/vertex2EdgeIter/userFuncUnsym
m_-
 []


Overfull \hbox (72.51361pt too wide) in paragraph at lines 703--704
[]\T1/ptm/m/n/10 iterator/multiLevelBlockIterator/vertex2EdgeIter/userFuncUnsym
m_-
 []


Overfull \hbox (72.51361pt too wide) in paragraph at lines 704--705
[]\T1/ptm/m/n/10 iterator/multiLevelBlockIterator/vertex2EdgeIter/userFuncUnsym
m_-
 []


Overfull \hbox (63.3039pt too wide) in paragraph at lines 705--706
[]\T1/ptm/m/n/10 iterator/multiLevelBlockIterator/vertex2EdgeIter/vertex2EdgeIt
er_-
 []


Overfull \hbox (63.3039pt too wide) in paragraph at lines 706--707
[]\T1/ptm/m/n/10 iterator/multiLevelBlockIterator/vertex2EdgeIter/vertex2EdgeIt
er_-
 []


Overfull \hbox (63.3039pt too wide) in paragraph at lines 707--708
[]\T1/ptm/m/n/10 iterator/multiLevelBlockIterator/vertex2EdgeIter/vertex2EdgeIt
er_-
 []

[117] [118] [119] [120] [121] [122] [123]
Underfull \hbox (badness 10000) in paragraph at lines 1458--1459
[]| \T1/ptm/m/n/10 generate_-register_-transform_-table_-same_-col,
 []


Underfull \hbox (badness 10000) in paragraph at lines 1459--1460
[]| \T1/ptm/m/n/10 generate_-register_-transform_-table_-same_-row,
 []

[124]
Underfull \hbox (badness 10000) in paragraph at lines 1506--1507
[]| \T1/ptm/m/n/10 generate_-register_-transform_-table_-same_-col,
 []


Underfull \hbox (badness 10000) in paragraph at lines 1507--1508
[]| \T1/ptm/m/n/10 generate_-register_-transform_-table_-same_-row,
 []

[125] [126] [127] [128]) (./refman.aux (./structArrays.aux)
(./structe2VParas.aux) (./classIterator.aux) (./structMLBFunParameters.aux)
(./structMLBParameters.aux) (./classMultiLevelBlockIterator.aux)
(./classRlmpiInitializer.aux) (./structSchedule.aux)
(./structstruct__extensibleLABELArray.aux)
(./structstruct__extensibleSCALARArray.aux) (./structstruct__MLB__graph.aux)
(./structtopoArrays.aux) (./classTopology.aux) (./structv2EParameters.aux)
(./iterator__struct_8h.aux) (./BlockOrdering_8c.aux) (./BlockOrdering_8h.aux)
(./BlockOrderingSW_8c.aux) (./BOrderUtils_8c.aux) (./BOrderUtilsSW_8c.aux)
(./BlockOrdering_2extensibleLabelArray_8h.aux)
(./extensibleArray_2extensibleLabelArray_8h.aux) (./metis_8h.aux)
(./timer_8h.aux) (./edge2VertexIter__host_8c.aux)
(./edge2VertexIter__host_8h.aux) (./edge2VertexIter__slave_8c.aux)
(./edge2VertexIter__slave_8h.aux) (./funcPointer_8c.aux) (./funcPointer_8h.aux)
(./userFunc__host_8c.aux) (./userFunc__host_8h.aux) (./userFunc__slave_8c.aux)
(./userFunc__slave_8h.aux) (./extensibleLabelArray_8c.aux)
(./extensibleLabelArraySW_8c.aux) (./extensibleScalarArray_8c.aux)
(./extensibleScalarArray_8h.aux) (./extensibleScalarArraySW_8c.aux)
(./multiLevelBlockIterator_8C.aux) (./multiLevelBlockIterator_8H.aux)
(./userFuncUnsymm__host_8c.aux) (./userFuncUnsymm__host_8h.aux)
(./userFuncUnsymm__slave_8c.aux) (./userFuncUnsymm__slave_8h.aux)
(./vertex2EdgeIter__host_8c.aux) (./vertex2EdgeIter__host_8h.aux)
(./vertex2EdgeIter__slave_8c.aux) (./main_8cxx.aux) (./register_8C.aux)
(./register_8H.aux) (./rlmpi_8c.aux) (./rlmpi_8h.aux)
(./RlmpiInitializer_8cxx.aux) (./RlmpiInitializer_8hxx.aux)
(./RlmpiSharedType_8h.aux) (./test_8c.aux) (./test_8cpp.aux)
(./slaveUtils_8c.aux) (./slaveUtils_8h.aux) (./swMacro_8h.aux)
(./topology_8C.aux) (./topology_8H.aux)) ) 
Here is how much of TeX's memory you used:
 9936 strings out of 256216
 199457 string characters out of 1917072
 236560 words of memory out of 1500000
 10958 multiletter control sequences out of 10000+200000
 44887 words of font info for 54 fonts, out of 1200000 for 2000
 645 hyphenation exceptions out of 8191
 38i,12n,58p,1128b,786s stack positions out of 5000i,500n,6000p,200000b,15000s
{/usr/share/texmf/fonts/enc/dvips/bas
e/8r.enc}</usr/share/texmf/fonts/type1/bluesky/cm/cmmi10.pfb></usr/share/texmf/
fonts/type1/bluesky/cm/cmmi8.pfb></usr/share/texmf/fonts/type1/bluesky/cm/cmsy1
0.pfb></usr/share/texmf/fonts/type1/urw/courier/ucrb8a.pfb></usr/share/texmf/fo
nts/type1/urw/courier/ucrr8a.pfb></usr/share/texmf/fonts/type1/urw/times/utmb8a
.pfb></usr/share/texmf/fonts/type1/urw/times/utmbi8a.pfb></usr/share/texmf/font
s/type1/urw/times/utmr8a.pfb>
Output written on refman.pdf (152 pages, 1497911 bytes).
PDF statistics:
 8363 PDF objects out of 8907 (max. 8388607)
 1693 named destinations out of 1728 (max. 131072)
 6011 words of extra memory for PDF output out of 10000 (max. 10000000)

